Using pre-set license
Built from '2020.3/staging' branch; Version is '2020.3.19f1 (68f137dc9bbe) revision 6877495'; Using compiler version '192528614'; Build Type 'Release'
OS: 'Windows 10 Home; OS build 19045.3570; Version 2009; 64bit' Language: 'fr' Physical Memory: 16267 MB
BatchMode: 1, IsHumanControllingUs: 0, StartBugReporterOnCrash: 0, Is64bit: 1, IsPro: 0

COMMAND LINE ARGUMENTS:
C:\Program Files\Unity\Hub\Editor\2020.3.19f1\Editor\Unity.exe
-adb2
-batchMode
-noUpm
-name
AssetImportWorker0
-projectPath
C:/Users/sadqu/AI-English/English
-logFile
Logs/AssetImportWorker0.log
-srvPort
54124
Successfully changed project path to: C:/Users/sadqu/AI-English/English
C:/Users/sadqu/AI-English/English
Using Asset Import Pipeline V2.
Refreshing native plugins compatible for Editor in 206.63 ms, found 2 plugins.
Preloading 0 native plugins for Editor in 0.00 ms.
Initialize engine version: 2020.3.19f1 (68f137dc9bbe)
[Subsystems] Discovering subsystems at path C:/Program Files/Unity/Hub/Editor/2020.3.19f1/Editor/Data/Resources/UnitySubsystems
[Subsystems] Discovering subsystems at path C:/Users/sadqu/AI-English/English/Assets
GfxDevice: creating device client; threaded=0
Direct3D:
    Version:  Direct3D 11.0 [level 11.1]
    Renderer: Intel(R) HD Graphics 630 (ID=0x591b)
    Vendor:   
    VRAM:     8133 MB
    Driver:   22.20.16.4749
Initialize mono
Mono path[0] = 'C:/Program Files/Unity/Hub/Editor/2020.3.19f1/Editor/Data/Managed'
Mono path[1] = 'C:/Program Files/Unity/Hub/Editor/2020.3.19f1/Editor/Data/MonoBleedingEdge/lib/mono/unityjit'
Mono config path = 'C:/Program Files/Unity/Hub/Editor/2020.3.19f1/Editor/Data/MonoBleedingEdge/etc'
Using monoOptions --debugger-agent=transport=dt_socket,embedding=1,server=y,suspend=n,address=127.0.0.1:56212
Begin MonoManager ReloadAssembly
Registering precompiled unity dll's ...
Register platform support module: C:/Program Files/Unity/Hub/Editor/2020.3.19f1/Editor/Data/PlaybackEngines/WindowsStandaloneSupport/UnityEditor.WindowsStandalone.Extensions.dll
Registered in 0.007818 seconds.
Native extension for WindowsStandalone target not found
Refreshing native plugins compatible for Editor in 156.76 ms, found 2 plugins.
Preloading 0 native plugins for Editor in 0.00 ms.
Mono: successfully reloaded assembly
- Completed reload, in  3.569 seconds
Domain Reload Profiling:
	ReloadAssembly (3570ms)
		BeginReloadAssembly (154ms)
			ExecutionOrderSort (0ms)
			DisableScriptedObjects (0ms)
			BackupInstance (0ms)
			ReleaseScriptingObjects (0ms)
			CreateAndSetChildDomain (2ms)
		EndReloadAssembly (1219ms)
			LoadAssemblies (144ms)
			RebuildTransferFunctionScriptingTraits (0ms)
			SetupTypeCache (408ms)
			ReleaseScriptCaches (0ms)
			RebuildScriptCaches (103ms)
			SetupLoadedEditorAssemblies (499ms)
				LogAssemblyErrors (0ms)
				InitializePlatformSupportModulesInManaged (11ms)
				SetLoadedEditorAssemblies (1ms)
				RefreshPlugins (157ms)
				BeforeProcessingInitializeOnLoad (31ms)
				ProcessInitializeOnLoadAttributes (226ms)
				ProcessInitializeOnLoadMethodAttributes (72ms)
				AfterProcessingInitializeOnLoad (0ms)
				EditorAssembliesLoaded (0ms)
			ExecutionOrderSort2 (0ms)
			AwakeInstancesAfterBackupRestoration (0ms)
Platform modules already initialized, skipping
Registering precompiled user dll's ...
Registered in 0.019388 seconds.
Begin MonoManager ReloadAssembly
Native extension for WindowsStandalone target not found
Refreshing native plugins compatible for Editor in 1.48 ms, found 2 plugins.
Preloading 0 native plugins for Editor in 0.00 ms.
Mono: successfully reloaded assembly
- Completed reload, in  3.102 seconds
Domain Reload Profiling:
	ReloadAssembly (3105ms)
		BeginReloadAssembly (289ms)
			ExecutionOrderSort (0ms)
			DisableScriptedObjects (6ms)
			BackupInstance (0ms)
			ReleaseScriptingObjects (0ms)
			CreateAndSetChildDomain (27ms)
		EndReloadAssembly (2610ms)
			LoadAssemblies (292ms)
			RebuildTransferFunctionScriptingTraits (0ms)
			SetupTypeCache (823ms)
			ReleaseScriptCaches (1ms)
			RebuildScriptCaches (142ms)
			SetupLoadedEditorAssemblies (1077ms)
				LogAssemblyErrors (0ms)
				InitializePlatformSupportModulesInManaged (14ms)
				SetLoadedEditorAssemblies (1ms)
				RefreshPlugins (2ms)
				BeforeProcessingInitializeOnLoad (299ms)
				ProcessInitializeOnLoadAttributes (629ms)
				ProcessInitializeOnLoadMethodAttributes (102ms)
				AfterProcessingInitializeOnLoad (30ms)
				EditorAssembliesLoaded (0ms)
			ExecutionOrderSort2 (0ms)
			AwakeInstancesAfterBackupRestoration (17ms)
Platform modules already initialized, skipping
========================================================================
Worker process is ready to serve import requests
Launched and connected shader compiler UnityShaderCompiler.exe after 0.18 seconds
Refreshing native plugins compatible for Editor in 2.30 ms, found 2 plugins.
Preloading 0 native plugins for Editor in 0.00 ms.
Unloading 2165 Unused Serialized files (Serialized files now loaded: 0)
System memory in use before: 89.1 MB.
System memory in use after: 89.2 MB.

Unloading 58 unused Assets to reduce memory usage. Loaded Objects now: 2571.
Total: 21.275700 ms (FindLiveObjects: 0.561800 ms CreateObjectMapping: 0.305400 ms MarkObjects: 20.175600 ms  DeleteObjects: 0.230000 ms)

AssetImportParameters requested are different than current active one (requested -> active):
  custom:framework-win-MediaFoundation: 216162199b28c13a410421893ffa2e32 -> 
  custom:video-decoder-ogg-theora: a1e56fd34408186e4bbccfd4996cb3dc -> 
  custom:container-muxer-webm: aa71ff27fc2769a1b78a27578f13a17b -> 
  custom:container-demuxer-webm: 4f35f7cbe854078d1ac9338744f61a02 -> 
  custom:container-demuxer-ogg: 62fdf1f143b41e24485cea50d1cbac27 -> 
  custom:video-encoder-webm-vp8: eb34c28f22e8b96e1ab97ce403110664 -> 
  custom:video-decoder-webm-vp8: 9c59270c3fd7afecdb556c50c9e8de78 -> 
  custom:audio-decoder-ogg-vorbis: bf7c407c2cedff20999df2af8eb42d56 -> 
  custom:audio-encoder-webm-vorbis: bf7c407c2cedff20999df2af8eb42d56 -> 
========================================================================
Received Import Request.
  path: Assets/Scenes/Intros.unity
  artifactKey: Guid(252ef06ee6ef5454aafc0faa1da8175c) Importer(815301076,1909f56bfc062723c751e8b465ee728b)
Start importing Assets/Scenes/Intros.unity using Guid(252ef06ee6ef5454aafc0faa1da8175c) Importer(815301076,1909f56bfc062723c751e8b465ee728b)  -> (artifact id: 'afc8a214959bb1a0769a0e1ddd888597') in 0.045791 seconds 
  Import took 0.054006 seconds .

========================================================================
Received Import Request.
  Time since last request: 0.000765 seconds.
  path: Assets/Prefabs/TextsManager.prefab
  artifactKey: Guid(7e4341434681dc543ae5d160a1b86f65) Importer(815301076,1909f56bfc062723c751e8b465ee728b)
Start importing Assets/Prefabs/TextsManager.prefab using Guid(7e4341434681dc543ae5d160a1b86f65) Importer(815301076,1909f56bfc062723c751e8b465ee728b)  -> (artifact id: '72467b09e7f711f8552ed77002e529ce') in 0.141216 seconds 
  Import took 0.149557 seconds .

========================================================================
Received Import Request.
  Time since last request: 0.000819 seconds.
  path: Assets/Sprites/classic-door-icon-blackwhite-vector-260nw-2247451053-removebg-preview.png
  artifactKey: Guid(5b7a9c719629c4540885793be8160e12) Importer(815301076,1909f56bfc062723c751e8b465ee728b)
Start importing Assets/Sprites/classic-door-icon-blackwhite-vector-260nw-2247451053-removebg-preview.png using Guid(5b7a9c719629c4540885793be8160e12) Importer(815301076,1909f56bfc062723c751e8b465ee728b)  -> (artifact id: '0419e86450ad7a4eca84f4de7f4333bc') in 0.171589 seconds 
  Import took 0.178994 seconds .

========================================================================
Received Import Request.
  Time since last request: 0.000799 seconds.
  path: Assets/Prefabs/Canvas 1.prefab
  artifactKey: Guid(42b10e1ae527f574fbc60c829c5028cb) Importer(815301076,1909f56bfc062723c751e8b465ee728b)
Start importing Assets/Prefabs/Canvas 1.prefab using Guid(42b10e1ae527f574fbc60c829c5028cb) Importer(815301076,1909f56bfc062723c751e8b465ee728b)  -> (artifact id: '90be535bd7d6f0b1b4d41a0f06b0d7d0') in 0.025845 seconds 
  Import took 0.033002 seconds .

========================================================================
Received Import Request.
  Time since last request: 0.000888 seconds.
  path: Assets/Sprites/—Pngtree—circle clipart black circle_5553148.png
  artifactKey: Guid(3cc92c8ecabd22d4081cf8ccdde394e6) Importer(815301076,1909f56bfc062723c751e8b465ee728b)
Start importing Assets/Sprites/—Pngtree—circle clipart black circle_5553148.png using Guid(3cc92c8ecabd22d4081cf8ccdde394e6) Importer(815301076,1909f56bfc062723c751e8b465ee728b)  -> (artifact id: 'e1a096985619f781fafc4fcfec654058') in 0.025022 seconds 
  Import took 0.031607 seconds .

========================================================================
Received Import Request.
  Time since last request: 0.000570 seconds.
  path: Assets/Prefabs/Transition.prefab
  artifactKey: Guid(4152789a30239c44aa0e17ff05cbfdf6) Importer(815301076,1909f56bfc062723c751e8b465ee728b)
Start importing Assets/Prefabs/Transition.prefab using Guid(4152789a30239c44aa0e17ff05cbfdf6) Importer(815301076,1909f56bfc062723c751e8b465ee728b)  -> (artifact id: 'b7c2551b281f79c959ecd896f5601de4') in 0.021715 seconds 
  Import took 0.028046 seconds .

========================================================================
Received Import Request.
  Time since last request: 0.000560 seconds.
  path: Assets/Prefabs/Character.prefab
  artifactKey: Guid(3740f094367b9b64e81828f917566e0f) Importer(815301076,1909f56bfc062723c751e8b465ee728b)
Start importing Assets/Prefabs/Character.prefab using Guid(3740f094367b9b64e81828f917566e0f) Importer(815301076,1909f56bfc062723c751e8b465ee728b)  -> (artifact id: '477a5fd0ab920dccb236f4bd52aafb93') in 0.212781 seconds 
  Import took 0.220020 seconds .

========================================================================
Received Import Request.
  Time since last request: 0.000832 seconds.
  path: Assets/Prefabs/TextShower.prefab
  artifactKey: Guid(aca623d2e170fca47bb24681aa939879) Importer(815301076,1909f56bfc062723c751e8b465ee728b)
Start importing Assets/Prefabs/TextShower.prefab using Guid(aca623d2e170fca47bb24681aa939879) Importer(815301076,1909f56bfc062723c751e8b465ee728b)  -> (artifact id: 'a102f4d911b17ed96767e6c6a2d44cca') in 0.026993 seconds 
  Import took 0.034541 seconds .

========================================================================
Received Import Request.
  Time since last request: 30.578711 seconds.
  path: Assets/Scripts/Door.cs
  artifactKey: Guid(2ef85d338cd70374bb1d11eb10e818b2) Importer(815301076,1909f56bfc062723c751e8b465ee728b)
Start importing Assets/Scripts/Door.cs using Guid(2ef85d338cd70374bb1d11eb10e818b2) Importer(815301076,1909f56bfc062723c751e8b465ee728b)  -> (artifact id: 'd662e45587103072b7ef45ee662e79e5') in 0.044606 seconds 
  Import took 0.052854 seconds .

========================================================================
Received Import Request.
  Time since last request: 0.520580 seconds.
  path: Assets/Scripts/ManageScene.cs
  artifactKey: Guid(14190e6abdc023048bf2be97cce0e90e) Importer(815301076,1909f56bfc062723c751e8b465ee728b)
Start importing Assets/Scripts/ManageScene.cs using Guid(14190e6abdc023048bf2be97cce0e90e) Importer(815301076,1909f56bfc062723c751e8b465ee728b)  -> (artifact id: '6dbd08c53d890522ed19316930a134ef') in 0.015176 seconds 
  Import took 0.020444 seconds .

AssetImportWorkerClient::OnTransportError - code=2 error=End of file
